<?xml version="1.0" encoding="UTF-8"?>
<testsuite xmlns:xsi="http://www.w3.org/2001/XMLSchema-instance" xsi:noNamespaceSchemaLocation="https://maven.apache.org/surefire/maven-surefire-plugin/xsd/surefire-test-report-3.0.xsd" version="3.0" name="ApiTests" time="5.828" tests="3" errors="0" skipped="0" failures="0">
  <properties>
[...]
</properties>
  <testcase name="test1_upload" classname="ApiTests" time="3.24"/>
  <testcase name="test2_getMetaData" classname="ApiTests" time="0.79"/>
  <testcase name="test3_delete" classname="ApiTests" time="1.061"/>
</testsuite>