<?xml version="1.0" encoding="UTF-8"?>
<testng-results total="3" passed="3" failed="0" skipped="0">
  <reporter-output>
  </reporter-output>
  <suite started-at="2020-12-26T20:20:23Z" name="Surefire suite" finished-at="2020-12-26T20:20:28Z" duration-ms="5110">
    <groups>
    </groups>
    <test started-at="2020-12-26T20:20:23Z" name="Surefire test" finished-at="2020-12-26T20:20:28Z" duration-ms="5110">
      <class name="ApiTests">
        <test-method signature="test1_upload()[pri:0, instance:ApiTests@2f0a87b3]" started-at="2020-12-26T22:20:23Z" name="test1_upload" finished-at="2020-12-26T22:20:26Z" duration-ms="3234" status="PASS">
          <reporter-output>
          </reporter-output>
        </test-method> <!-- test1_upload -->
        <test-method signature="test2_getMetaData()[pri:0, instance:ApiTests@2f0a87b3]" started-at="2020-12-26T22:20:26Z" name="test2_getMetaData" finished-at="2020-12-26T22:20:27Z" duration-ms="795" status="PASS">
          <reporter-output>
          </reporter-output>
        </test-method> <!-- test2_getMetaData -->
        <test-method signature="test3_delete()[pri:0, instance:ApiTests@2f0a87b3]" started-at="2020-12-26T22:20:27Z" name="test3_delete" finished-at="2020-12-26T22:20:28Z" duration-ms="1060" status="PASS">
          <reporter-output>
          </reporter-output>
        </test-method> <!-- test3_delete -->
      </class> <!-- ApiTests -->
    </test> <!-- Surefire test -->
  </suite> <!-- Surefire suite -->
</testng-results>
